==== Inventory (42 fields) ====
meta_version=31 profile=modern
[static] +0x0000 OffsetOfInstanceIDInCPlusPlusObject : int (s32) @0x342084C278 = +381786800
+0x0010 m_CachedPtr.m_value : void (u64) @0x3402B226D0 = A+135ECD6A0
+0x0018 m_CancellationTokenSource : CancellationTokenSource (u64) @0x3402B226D8 = 0
+0x0020 inventoryReferences : List<string> (u64) @0x3402B226E0 = A+FBE518A0
+0x0028 cheatFullEquip : bool (u8) @0x3402B226E8 = 000
+0x0029 cheatInventoryInCombat : bool (u8) @0x3402B226E9 = 000
+0x002C maxAmmunition : int (s32) @0x3402B226EC = +6
+0x0030 maxThrowWeapons : int (s32) @0x3402B226F0 = +3
+0x0034 maxRecoveryRoses : int (s32) @0x3402B226F4 = +3
+0x0038 recoveryRoseCoolDown : float (flt) @0x3402B226F8 = flt:1
+0x003C recoveryIncrementPercent : float (flt) @0x3402B226FC = flt:30
+0x0040 hookIndex : int (s32) @0x3402B22700 = +16
+0x0044 isPrimeScene : bool (u8) @0x3402B22704 = 000
+0x0048 <InventoryEventChannels>k__BackingField : InventoryEventChannels (u64) @0x3402B22708 = A+F0808930
+0x0050 <Player>k__BackingField : Player (u64) @0x3402B22710 = A+FB9F0320
+0x0058 <CombatWeapons>k__BackingField : List<CombatWeaponData> (u64) @0x3402B22718 = A+EDB14630
+0x0060 <RangeWeapons>k__BackingField : List<RangeWeaponData> (u64) @0x3402B22720 = A+EDB14600
+0x0068 <ThrowWeapons>k__BackingField : List<ThrowWeaponData> (u64) @0x3402B22728 = A+EDB145D0
+0x0070 <Spells>k__BackingField : List<SpellData> (u64) @0x3402B22730 = A+EDB145A0
+0x0078 <Keys>k__BackingField : List<ItemData> (u64) @0x3402B22738 = A+EDB14570
+0x0080 <Collectables>k__BackingField : List<CollectableData> (u64) @0x3402B22740 = A+EDB14540
+0x0088 <AllExistingCollectables>k__BackingField : List<CollectableData> (u64) @0x3402B22748 = A+EDB14510
+0x0090 <Armors>k__BackingField : List<ArmorData> (u64) @0x3402B22750 = A+EDB144E0
+0x0098 <Badges>k__BackingField : List<BadgeData> (u64) @0x3402B22758 = A+EDB144B0
+0x00A0 <Upgrades>k__BackingField : List<UpgradeData> (u64) @0x3402B22760 = A+EDB14480
+0x00A8 <Hook>k__BackingField : Projectile (u64) @0x3402B22768 = 0
+0x00B0 <RecoveryRoseAvailable>k__BackingField : bool (u8) @0x3402B22770 = 001
+0x00B4 <Noctilium>k__BackingField : int (s32) @0x3402B22774 = +890
+0x00B8 <EquippedCombatWeapon>k__BackingField : string (u64) @0x3402B22778 = 0
+0x00C0 <EquippedRangeWeapon>k__BackingField : int (s32) @0x3402B22780 = +0
+0x00C4 <CurrentAmmunition>k__BackingField : int (s32) @0x3402B22784 = +6
+0x00C8 <EquippedThrowWeapon>k__BackingField : string (u64) @0x3402B22788 = A+F0646960
+0x00D0 <EquippedSpell>k__BackingField : string (u64) @0x3402B22790 = 0
+0x00D8 <EquippedArmor>k__BackingField : string (u64) @0x3402B22798 = 0
+0x00E0 <EquippedBadge>k__BackingField : string (u64) @0x3402B227A0 = A+40984F40
+0x00E8 <EquippedGunUpgradeId>k__BackingField : string (u64) @0x3402B227A8 = 0
+0x00F0 <EquippedShotgunUpgradeId>k__BackingField : string (u64) @0x3402B227B0 = 0
+0x00F8 <EquippedCrossbowUpgradeId>k__BackingField : string (u64) @0x3402B227B8 = 0
+0x0100 <CurrentThrowWeaponsQuantity>k__BackingField : int (s32) @0x3402B227C0 = +3
+0x0104 <CurrentRecoveryRosesQuantity>k__BackingField : int (s32) @0x3402B227C4 = +3
+0x0108 <CurrentRoseIndex>k__BackingField : int (s32) @0x3402B227C8 = +0
+0x010C <FirstArmorEffectsApplied>k__BackingField : bool (u8) @0x3402B227CC = 001

==== Player+0x0198 (161 fields) ====
[static] +0x0000 OffsetOfInstanceIDInCPlusPlusObject : int (s32)
+0x0010 m_CachedPtr.m_value : void (u64) @0x34101F0330 = A+1738A48F0
+0x0018 m_CancellationTokenSource : CancellationTokenSource (u64) @0x34101F0338 = 0
+0x0020 health : float (flt) @0x34101F0340 = flt:80
+0x0024 speed : float (flt) @0x34101F0344 = flt:5.25
+0x0028 damageCoolDownTime : float (flt) @0x34101F0348 = flt:1
+0x0030 bloodIndexes : int[] (u64) @0x34101F0350 = A+F062A000
+0x0038 hurtMovementDistance : float (flt) @0x34101F0358 = 0
+0x003C attackMovementDistance : float (flt) @0x34101F035C = flt:3
+0x0040 attackEffectIndexes : int[] (u64) @0x34101F0360 = A+F0646F90
+0x0048 criticsEffectIndexes : int[] (u64) @0x34101F0368 = A+F0646F30
+0x0050 audioClips : AudioClip[] (u64) @0x34101F0370 = A+FA47C390
+0x0058 damageSounds : AudioClip[] (u64) @0x34101F0378 = A+F5535A80
+0x0060 damageSoundVolume : float (flt) @0x34101F0380 = flt:0.5
+0x0068 recoverSounds : AudioClip[] (u64) @0x34101F0388 = A+F5535A50
+0x0070 recoverSoundVolume : float (flt) @0x34101F0390 = flt:0.5
+0x0078 deathSounds : AudioClip[] (u64) @0x34101F0398 = A+F5535A20
+0x0080 deathSoundVolume : float (flt) @0x34101F03A0 = flt:0.5
+0x0088 <Rb2D>k__BackingField : Rigidbody2D (u64) @0x34101F03A8 = A+EE8E26E0
+0x0090 <Animator>k__BackingField : Animator (u64) @0x34101F03B0 = A+EE8E2700
+0x0098 <Collider>k__BackingField : Collider2D (u64) @0x34101F03B8 = A+EE8E2220
+0x00A0 <SpriteRenderer>k__BackingField : SpriteRenderer (u64) @0x34101F03C0 = A+EE8DC600
+0x00A8 <AudioSource>k__BackingField : AudioSource (u64) @0x34101F03C8 = A+EE8E26C0
+0x00B0 <SecondaryAudioSource>k__BackingField : AudioSource (u64) @0x34101F03D0 = A+EE8E26A0
+0x00B8 <Core>k__BackingField : CharacterCore (u64) @0x34101F03D8 = A+F1BFF8A0
+0x00C0 <DamageState>k__BackingField : DamageState (s32) @0x34101F03E0 = +0
+0x00C4 <CurrentHealth>k__BackingField : float (flt) @0x34101F03E4 = flt:80
+0x00C8 <Position>k__BackingField.x : float (flt) @0x34101F03E8 = flt:-1
+0x00CC <Position>k__BackingField.y : float (flt) @0x34101F03EC = flt:0.5
+0x00D0 <IsBurnt>k__BackingField : bool (u8) @0x34101F03F0 = 000
+0x00D1 <IsPoisoned>k__BackingField : bool (u8) @0x34101F03F1 = 000
+0x00D2 <IsSpeedReduced>k__BackingField : bool (u8) @0x34101F03F2 = 000
+0x00D3 <IsCursed>k__BackingField : bool (u8) @0x34101F03F3 = 000
+0x00D4 <IsTransformed>k__BackingField : bool (u8) @0x34101F03F4 = 000
+0x00D5 <IsTalking>k__BackingField : bool (u8) @0x34101F03F5 = 000
+0x00D6 <Defeated>k__BackingField : bool (u8) @0x34101F03F6 = 000
+0x00D8 darkEnergy : float (flt) @0x34101F03F8 = flt:100
+0x00DC darkEnergyRecovery : float (flt) @0x34101F03FC = flt:9
+0x00E0 dashSpeed : float (flt) @0x34101F0400 = flt:12.5
+0x00E4 dashCoolDown : float (flt) @0x34101F0404 = 0.02
+0x00E8 dashDarkEnergyCost : float (flt) @0x34101F0408 = 0
+0x00EC dashInvulnerabilityTime : float (flt) @0x34101F040C = flt:1
+0x00F0 dashChroma : ChromaData (u64) @0x34101F0410 = A+F9574630
+0x00F8 dashNoAvailableSound : AudioClip (u64) @0x34101F0418 = A+F7443990
+0x0100 dashNoAvailableSoundVolume : float (flt) @0x34101F0420 = flt:0.5
+0x0108 castNoAvailableSound : AudioClip (u64) @0x34101F0428 = A+F74437B0
+0x0110 castNoAvailableSoundVolume : float (flt) @0x34101F0430 = flt:0.5
+0x0118 summonNoAvailableSound : AudioClip (u64) @0x34101F0438 = A+F74436C0
+0x0120 summonNoAvailableSoundVolume : float (flt) @0x34101F0440 = flt:0.5
+0x0124 hookSpeed : float (flt) @0x34101F0444 = flt:25
+0x0128 hookCoolDown : float (flt) @0x34101F0448 = flt:1
+0x012C hookDarkEnergyCost : float (flt) @0x34101F044C = flt:10
+0x0130 summonDarkEnergyCost : float (flt) @0x34101F0450 = 0
+0x0134 summonDistance : float (flt) @0x34101F0454 = 0.090000004
+0x0138 demolitionSpeed : float (flt) @0x34101F0458 = flt:10
+0x013C transitionSpeed : float (flt) @0x34101F045C = flt:1
+0x0140 hitsPerBullet : int (s32) @0x34101F0460 = +3
+0x0148 noBulletsSound : AudioClip (u64) @0x34101F0468 = A+FBF27BA0
+0x0150 noBulletsSoundVolume : float (flt) @0x34101F0470 = flt:0.5
+0x0154 preventionTimeBeforeFall : float (flt) @0x34101F0474 = flt:0.1
+0x0158 jumpDistance : float (flt) @0x34101F0478 = 0
+0x0160 cancellationEffectIndexes : int[] (u64) @0x34101F0480 = A+F062A450
+0x0168 revengeEffectIndexes : int[] (u64) @0x34101F0488 = A+F062A300
+0x0170 resurrectionEffectIndexes : int[] (u64) @0x34101F0490 = A+F062A1B0
+0x0178 resurrectionHealth : float (flt) @0x34101F0498 = flt:5
+0x017C resurrectionTime : float (flt) @0x34101F049C = flt:3
+0x0180 damageChroma : ChromaData (u64) @0x34101F04A0 = A+F95746C0
+0x0188 <SecondaryPlayer>k__BackingField : SecondaryPlayer (u64) @0x34101F04A8 = A+F1CC6660
+0x0190 <ShootingSource>k__BackingField : ShootingSource (u64) @0x34101F04B0 = A+F1C8FC40
+0x0198 <Inventory>k__BackingField : Inventory (u64) @0x34101F04B8 = A+EE3226C0
+0x01A0 <Journal>k__BackingField : Journal (u64) @0x34101F04C0 = A+F1F1D8C0
+0x01A8 <StatusContainer>k__BackingField : StatusContainer (u64) @0x34101F04C8 = A+F6855300
+0x01B0 <Exclamation>k__BackingField : StaticElement (u64) @0x34101F04D0 = A+F73E11E0
+0x01B8 <PlayerEventChannels>k__BackingField : PlayerEventChannels (u64) @0x34101F04D8 = A+FBF653F0
+0x01C0 <PlayerGeneralCollisionSystem>k__BackingField : PlayerGeneralCollisionSystem (u64) @0x34101F04E0 = A+FBF653C0
+0x01C8 <PlayerFeetHurtBox>k__BackingField : PlayerFeetHurtBox (u64) @0x34101F04E8 = A+EE4BDD80
+0x01D0 <PlayerBodyHurtBox>k__BackingField : PlayerBodyHurtBox (u64) @0x34101F04F0 = A+EE423BC0
+0x01D8 <PlayerRange>k__BackingField : PlayerRange (u64) @0x34101F04F8 = A+F1BE3190
+0x01E0 <CurrentDarkEnergy>k__BackingField : float (flt) @0x34101F0500 = flt:100
+0x01E4 <FreeBulletPercentPerAttack>k__BackingField : float (flt) @0x34101F0504 = 0
+0x01E8 <FreeBulletPercentPerCritic>k__BackingField : float (flt) @0x34101F0508 = 0
+0x01EC <FreeBulletPercentPerDeath>k__BackingField : float (flt) @0x34101F050C = 0
+0x01F0 <FreeThrowWeaponPercentPerAttack>k__BackingField : float (flt) @0x34101F0510 = 0
+0x01F4 <FreeThrowWeaponPercentPerCritic>k__BackingField : float (flt) @0x34101F0514 = 0
+0x01F8 <FreeThrowWeaponPercentPerDeath>k__BackingField : float (flt) @0x34101F0518 = 0
+0x01FC <ShootDamageIncrease>k__BackingField : float (flt) @0x34101F051C = 0
+0x0200 <GunShootDamageIncrease>k__BackingField : float (flt) @0x34101F0520 = 0
+0x0204 <ShotgunShootDamageIncrease>k__BackingField : float (flt) @0x34101F0524 = 0
+0x0208 <CrossbowShootDamageIncrease>k__BackingField : float (flt) @0x34101F0528 = 0
+0x020C <SpellDamageIncrease>k__BackingField : float (flt) @0x34101F052C = 0
+0x0210 <AttackDamageIncrease>k__BackingField : float (flt) @0x34101F0530 = flt:10
+0x0214 <CriticsDamageIncrease>k__BackingField : float (flt) @0x34101F0534 = 0
+0x0218 <CriticsChancesIncrease>k__BackingField : float (flt) @0x34101F0538 = 0
+0x021C <BurnDamageIncrease>k__BackingField : float (flt) @0x34101F053C = 0
+0x0220 <BurnPercentChancesIncrease>k__BackingField : float (flt) @0x34101F0540 = 0
+0x0224 <PoisonDamageIncrease>k__BackingField : float (flt) @0x34101F0544 = 0
+0x0228 <PoisonPercentChancesIncrease>k__BackingField : float (flt) @0x34101F0548 = 0
+0x022C <CurseDamageIncrease>k__BackingField : float (flt) @0x34101F054C = 0
+0x0230 <CursePercentChancesIncrease>k__BackingField : float (flt) @0x34101F0550 = 0
+0x0234 <FreezeDamageIncrease>k__BackingField : float (flt) @0x34101F0554 = 0
+0x0238 <FreezePercentChancesIncrease>k__BackingField : float (flt) @0x34101F0558 = 0
+0x023C <ProtectionAgainstBurnPercent>k__BackingField : float (flt) @0x34101F055C = 0
+0x0240 <ProtectionAgainstPoisonPercent>k__BackingField : float (flt) @0x34101F0560 = 0
+0x0244 <ProtectionAgainstCursePercent>k__BackingField : float (flt) @0x34101F0564 = 0
+0x0248 <ProtectionAgainstFreezePercent>k__BackingField : float (flt) @0x34101F0568 = 0
+0x024C <CancellationChancesIncrease>k__BackingField : float (flt) @0x34101F056C = 0
+0x0250 <ResurrectionChancesIncrease>k__BackingField : float (flt) @0x34101F0570 = 0
+0x0254 <RevengeChancesIncrease>k__BackingField : float (flt) @0x34101F0574 = 0
+0x0258 <DarkEnergyCoolDownReduction>k__BackingField : float (flt) @0x34101F0578 = 0
+0x025C <NoctiliumPercentIncrease>k__BackingField : float (flt) @0x34101F057C = 0
+0x0260 <AttackUnlocked>k__BackingField : bool (u8) @0x34101F0580 = 001
+0x0261 <ShootUnlocked>k__BackingField : bool (u8) @0x34101F0581 = 001
+0x0262 <DashUnlocked>k__BackingField : bool (u8) @0x34101F0582 = 001
+0x0263 <ThrowUnlocked>k__BackingField : bool (u8) @0x34101F0583 = 001
+0x0264 <SummonUnlocked>k__BackingField : bool (u8) @0x34101F0584 = 000
+0x0265 <CastUnlocked>k__BackingField : bool (u8) @0x34101F0585 = 001
+0x0266 <HookUnlocked>k__BackingField : bool (u8) @0x34101F0586 = 000
+0x0267 <GripUnlocked>k__BackingField : bool (u8) @0x34101F0587 = 000
+0x0268 <DematerializeUnlocked>k__BackingField : bool (u8) @0x34101F0588 = 000
+0x026C <HitCounter>k__BackingField : int (s32) @0x34101F058C = +2
+0x0270 <TemporalCriticsProbabilityIncrease>k__BackingField : float (flt) @0x34101F0590 = 0
+0x0274 <TemporalAttackDamageIncrease>k__BackingField : float (flt) @0x34101F0594 = 0
+0x0278 <TemporalShootDamageIncrease>k__BackingField : float (flt) @0x34101F0598 = 0
+0x027C <TemporalGunShootDamageIncrease>k__BackingField : float (flt) @0x34101F059C = 0
+0x0280 <TemporalShotgunShootDamageIncrease>k__BackingField : float (flt) @0x34101F05A0 = 0
+0x0284 <TemporalCrossbowShootDamageIncrease>k__BackingField : float (flt) @0x34101F05A4 = 0
+0x0288 <TemporalSpellDamageIncrease>k__BackingField : float (flt) @0x34101F05A8 = 0
+0x028C <TemporalBurnDamageIncrease>k__BackingField : float (flt) @0x34101F05AC = 0
+0x0290 <TemporalBurnPercentChancesIncrease>k__BackingField : float (flt) @0x34101F05B0 = 0
+0x0294 <TemporalPoisonDamageIncrease>k__BackingField : float (flt) @0x34101F05B4 = 0
+0x0298 <TemporalPoisonPercentChancesIncrease>k__BackingField : float (flt) @0x34101F05B8 = 0
+0x029C <TemporalCurseDamageIncrease>k__BackingField : float (flt) @0x34101F05BC = 0
+0x02A0 <TemporalCursePercentChancesIncrease>k__BackingField : float (flt) @0x34101F05C0 = 0
+0x02A4 <TemporalFreezeDamageIncrease>k__BackingField : float (flt) @0x34101F05C4 = 0
+0x02A8 <TemporalFreezePercentChancesIncrease>k__BackingField : float (flt) @0x34101F05C8 = 0
+0x02AC <TemporalCancellationChancesIncrease>k__BackingField : float (flt) @0x34101F05CC = 0
+0x02B0 <TemporalRevengeChancesIncrease>k__BackingField : float (flt) @0x34101F05D0 = 0
+0x02B4 <TemporalResurrectionChancesIncrease>k__BackingField : float (flt) @0x34101F05D4 = 0
+0x02B8 <TemporalNoctiliumPercentIncrease>k__BackingField : float (flt) @0x34101F05D8 = 0
+0x02BC <TemporalHitsPerBulletIncrease>k__BackingField : float (flt) @0x34101F05DC = 0
+0x02C0 <TemporalSpeedIncrease>k__BackingField : float (flt) @0x34101F05E0 = 0
+0x02C4 <Aiming>k__BackingField.x : float (flt) @0x34101F05E4 = flt:-1
+0x02C8 <Aiming>k__BackingField.y : float (flt) @0x34101F05E8 = flt:0.5
+0x02CC <ProvisionalPosition>k__BackingField.x : float (flt) @0x34101F05EC = flt:1
+0x02D0 <ProvisionalPosition>k__BackingField.y : float (flt) @0x34101F05F0 = flt:0.5
+0x02D4 <CollectableInProximity>k__BackingField : bool (u8) @0x34101F05F4 = 000
+0x02D5 <ActivationInProximity>k__BackingField : bool (u8) @0x34101F05F5 = 000
+0x02D6 <ReactionInProximity>k__BackingField : bool (u8) @0x34101F05F6 = 000
+0x02D7 <Collecting>k__BackingField : bool (u8) @0x34101F05F7 = 000
+0x02D8 <Activating>k__BackingField : bool (u8) @0x34101F05F8 = 000
+0x02D9 <Reacting>k__BackingField : bool (u8) @0x34101F05F9 = 000
+0x02DA <CancelActionAvailable>k__BackingField : bool (u8) @0x34101F05FA = 000
+0x02DB <FallProtection>k__BackingField : bool (u8) @0x34101F05FB = 000
+0x02DC <CastAvailable>k__BackingField : bool (u8) @0x34101F05FC = 001
+0x02DD <Resurrected>k__BackingField : bool (u8) @0x34101F05FD = 000
+0x02DE <BlockPetSummon>k__BackingField : bool (u8) @0x34101F05FE = 000
+0x02E0 <PetSummonCoolDown>k__BackingField : float (flt) @0x34101F0600 = flt:0.1
+0x02E4 <DashState>k__BackingField : DashState (s32) @0x34101F0604 = +0
+0x02E8 <HookState>k__BackingField : HookState (s32) @0x34101F0608 = +0
+0x02EC blockMovement : bool (u8) @0x34101F060C = 000
+0x02ED blockHealthWarning : bool (u8) @0x34101F060D = 000
